\BOOKMARK [0][-]{chapter*.2}{\376\377\000T\000\363\000m\000\040\000t\036\257\000t}{}% 1
\BOOKMARK [0][-]{chapter.1}{\376\377\000M\036\337\000\040\001\021\036\247\000u}{}% 2
\BOOKMARK [1][-]{section.1.1}{\376\377\000B\036\321\000i\000\040\000c\036\243\000n\000h}{chapter.1}% 3
\BOOKMARK [1][-]{section.1.2}{\376\377\000M\036\345\000c\000\040\000t\000i\000\352\000u}{chapter.1}% 4
\BOOKMARK [1][-]{section.1.3}{\376\377\000Y\000\352\000u\000\040\000c\036\247\000u\000\040\000k\036\371\000\040\000t\000h\000u\036\255\000t}{chapter.1}% 5
\BOOKMARK [0][-]{chapter.2}{\376\377\000C\001\241\000\040\000s\036\337\000\040\000l\000\375\000\040\000t\000h\000u\000y\036\277\000t}{}% 6
\BOOKMARK [1][-]{section.2.1}{\376\377\000C\000\341\000c\000\040\000v\036\245\000n\000\040\001\021\036\301\000\040\000n\036\301\000n\000\040\000t\036\243\000n\000g}{chapter.2}% 7
\BOOKMARK [1][-]{section.2.2}{\376\377\000T\000h\000u\036\255\000t\000\040\000t\000o\000\341\000n\000\040\000t\000\354\000m\000\040\000k\000i\036\277\000m\000\040\000d\036\361\000a\000\040\000t\000r\000\352\000n\000\040\001\021\036\323\000\040\000t\000h\036\313\000\040\000H\000N\000S\000W}{chapter.2}% 8
\BOOKMARK [2][-]{subsection.2.2.1}{\376\377\000N\000S\000W\000\040\000\050\000N\000a\000v\000i\000g\000a\000b\000l\000e\000\040\000S\000m\000a\000l\000l\000\040\000W\000o\000r\000l\000d\000\051\000\040\000v\000\340\000\040\000g\000i\036\243\000i\000\040\000t\000h\000u\036\255\000t\000\040\000t\000h\000a\000m\000\040\000l\000a\000m\000\040\000\050\000g\000r\000e\000e\000d\000y\000\040\000a\000l\000g\000o\000r\000i\000t\000h\000m\000\051}{section.2.2}% 9
\BOOKMARK [2][-]{subsection.2.2.2}{\376\377\000H\000N\000S\000W\000\040\000\050\000H\000i\000e\000r\000a\000r\000c\000h\000i\000c\000a\000l\000\040\000N\000a\000v\000i\000g\000a\000b\000l\000e\000\040\000S\000m\000a\000l\000l\000\040\000W\000o\000r\000l\000d\000\051\000\040\000v\000\340\000\040\001\021\036\323\000\040\000t\000h\036\313\000\040\000p\000h\000\342\000n\000\040\000t\036\247\000n\000g}{section.2.2}% 10
\BOOKMARK [1][-]{section.2.3}{\376\377\000C\000\341\000c\000\040\000c\000h\000i\036\277\000n\000\040\000l\001\260\036\343\000c\000\040\000A\000N\000N\000\040\000k\000h\000\341\000c}{chapter.2}% 11
\BOOKMARK [2][-]{subsection.2.3.1}{\376\377\000S\000o\000\040\000s\000\341\000n\000h\000\040\001\021\036\331\000\040\000p\000h\036\351\000c\000\040\000t\036\241\000p\000\040\000t\000h\036\335\000i\000\040\000g\000i\000a\000n}{section.2.3}% 12
\BOOKMARK [1][-]{section.2.4}{\376\377\036\350\000n\000g\000\040\000d\036\345\000n\000g\000\040\000c\036\347\000a\000\040\001\021\036\323\000\040\000t\000h\036\313\000\040\000H\000N\000S\000W\000\040\000t\000r\000o\000n\000g\000\040\000c\000\341\000c\000\040\000h\036\307\000\040\000t\000h\036\321\000n\000g\000\040\000t\000r\000u\000y\000\040\000v\036\245\000n\000\040\000v\000e\000c\000t\000o\000r}{chapter.2}% 13
\BOOKMARK [0][-]{chapter.3}{\376\377\000T\000h\000i\036\277\000t\000\040\000k\036\277\000\040\000v\000\340\000\040\000t\000r\000i\036\303\000n\000\040\000k\000h\000a\000i\000\040\000h\036\307\000\040\000t\000h\036\321\000n\000g}{}% 14
\BOOKMARK [1][-]{section.3.1}{\376\377\000K\000i\036\277\000n\000\040\000t\000r\000\372\000c\000\040\000h\036\307\000\040\000t\000h\036\321\000n\000g}{chapter.3}% 15
\BOOKMARK [2][-]{subsection.3.1.1}{\376\377\000T\000h\000\340\000n\000h\000\040\000p\000h\036\247\000n\000\040\000F\000r\000o\000n\000t\000e\000n\000d}{section.3.1}% 16
\BOOKMARK [2][-]{subsection.3.1.2}{\376\377\000T\000h\000\340\000n\000h\000\040\000p\000h\036\247\000n\000\040\000B\000a\000c\000k\000e\000n\000d}{section.3.1}% 17
\BOOKMARK [1][-]{section.3.2}{\376\377\000M\000\364\000\040\000t\036\243\000\040\000d\036\357\000\040\000l\000i\036\307\000u}{chapter.3}% 18
\BOOKMARK [2][-]{subsection.3.2.1}{\376\377\000D\000a\000t\000a\000s\000e\000t\000\040\000h\000\354\000n\000h\000\040\036\243\000n\000h}{section.3.2}% 19
\BOOKMARK [2][-]{subsection.3.2.2}{\376\377\000D\000a\000t\000a\000s\000e\000t\000\040\000t\000\340\000i\000\040\000l\000i\036\307\000u}{section.3.2}% 20
\BOOKMARK [2][-]{subsection.3.2.3}{\376\377\000D\000a\000t\000a\000s\000e\000t\000\040\000h\000\354\000n\000h\000\040\036\243\000n\000h\000\040\000y\000\040\000t\036\277}{section.3.2}% 21
\BOOKMARK [1][-]{section.3.3}{\376\377\000C\000h\000i\000\040\000t\000i\036\277\000t\000\040\000t\000r\000i\036\303\000n\000\040\000k\000h\000a\000i}{chapter.3}% 22
\BOOKMARK [2][-]{subsection.3.3.1}{\376\377\000T\000\355\000c\000h\000\040\000h\036\343\000p\000\040\000h\000n\000s\000w\000l\000i\000b}{section.3.3}% 23
\BOOKMARK [2][-]{subsection.3.3.2}{\376\377\000C\036\245\000u\000\040\000t\000r\000\372\000c\000\040\000l\001\260\000u\000\040\000t\000r\036\357\000\040\000H\000D\000F\0005}{section.3.3}% 24
\BOOKMARK [2][-]{subsection.3.3.3}{\376\377\000A\000P\000I\000\040\000E\000n\000d\000p\000o\000i\000n\000t\000s}{section.3.3}% 25
\BOOKMARK [2][-]{subsection.3.3.4}{\376\377\000T\000r\000i\036\303\000n\000\040\000k\000h\000a\000i\000\040\000B\000r\000u\000t\000e\000-\000f\000o\000r\000c\000e\000\040\000B\000a\000s\000e\000l\000i\000n\000e}{section.3.3}% 26
\BOOKMARK [1][-]{section.3.4}{\376\377\000Q\000u\000y\000\040\000t\000r\000\354\000n\000h\000\040\000x\036\355\000\040\000l\000\375}{chapter.3}% 27
\BOOKMARK [2][-]{subsection.3.4.1}{\376\377\000Q\000u\000y\000\040\000t\000r\000\354\000n\000h\000\040\000t\000\354\000m\000\040\000k\000i\036\277\000m}{section.3.4}% 28
\BOOKMARK [2][-]{subsection.3.4.2}{\376\377\000Q\000u\000y\000\040\000t\000r\000\354\000n\000h\000\040\000x\000\342\000y\000\040\000d\036\361\000n\000g\000\040\000c\000h\036\311\000\040\000m\036\345\000c}{section.3.4}% 29
\BOOKMARK [0][-]{chapter.4}{\376\377\001\020\000\341\000n\000h\000\040\000g\000i\000\341\000\040\000h\000i\036\307\000u\000\040\000s\000u\036\245\000t}{}% 30
\BOOKMARK [1][-]{section.4.1}{\376\377\000P\000h\001\260\001\241\000n\000g\000\040\000p\000h\000\341\000p\000\040\001\021\000\341\000n\000h\000\040\000g\000i\000\341}{chapter.4}% 31
\BOOKMARK [2][-]{subsection.4.1.1}{\376\377\000C\036\245\000u\000\040\000h\000\354\000n\000h\000\040\000p\000h\036\247\000n\000\040\000c\036\351\000n\000g\000\040\000v\000\340\000\040\000m\000\364\000i\000\040\000t\000r\001\260\036\335\000n\000g}{section.4.1}% 32
\BOOKMARK [2][-]{subsection.4.1.2}{\376\377\000C\036\245\000u\000\040\000h\000\354\000n\000h\000\040\000t\000h\000\355\000\040\000n\000g\000h\000i\036\307\000m}{section.4.1}% 33
\BOOKMARK [1][-]{section.4.2}{\376\377\000C\000\341\000c\000\040\000c\000h\036\311\000\040\000s\036\321\000\040\001\021\000\341\000n\000h\000\040\000g\000i\000\341}{chapter.4}% 34
\BOOKMARK [2][-]{subsection.4.2.1}{\376\377\001\020\036\331\000\040\000t\000r\036\305\000\040\000\050\000L\000a\000t\000e\000n\000c\000y\000\051}{section.4.2}% 35
\BOOKMARK [2][-]{subsection.4.2.2}{\376\377\001\020\036\331\000\040\000c\000h\000\355\000n\000h\000\040\000x\000\341\000c\000\040\000\050\000A\000c\000c\000u\000r\000a\000c\000y\000\051}{section.4.2}% 36
\BOOKMARK [2][-]{subsection.4.2.3}{\376\377\000K\000h\036\243\000\040\000n\001\003\000n\000g\000\040\000m\036\337\000\040\000r\036\331\000n\000g\000\040\000\050\000S\000c\000a\000l\000a\000b\000i\000l\000i\000t\000y\000\051}{section.4.2}% 37
\BOOKMARK [1][-]{section.4.3}{\376\377\000T\000h\036\321\000n\000g\000\040\000k\000\352\000\040\001\021\036\323\000\040\000t\000h\036\313}{chapter.4}% 38
\BOOKMARK [2][-]{subsection.4.3.1}{\376\377\000S\036\321\000\040\000l\001\260\036\343\000n\000g\000\040\000t\036\247\000n\000g}{section.4.3}% 39
\BOOKMARK [2][-]{subsection.4.3.2}{\376\377\000B\036\255\000c\000\040\000t\000r\000u\000n\000g\000\040\000b\000\354\000n\000h\000\040\000c\036\347\000a\000\040\000n\000\372\000t}{section.4.3}% 40
\BOOKMARK [2][-]{subsection.4.3.3}{\376\377\000P\000h\000\342\000n\000\040\000p\000h\036\321\000i\000\040\001\021\000i\036\303\000m\000\040\000v\000\340\000o}{section.4.3}% 41
\BOOKMARK [1][-]{section.4.4}{\376\377\001\020\000i\036\301\000u\000\040\000c\000h\036\311\000n\000h\000\040\000t\000h\000a\000m\000\040\000s\036\321}{chapter.4}% 42
\BOOKMARK [2][-]{subsection.4.4.1}{\376\377\036\242\000n\000h\000\040\000h\001\260\036\337\000n\000g\000\040\000c\036\347\000a\000\040\000t\000h\000a\000m\000\040\000s\036\321\000\040\000M}{section.4.4}% 43
\BOOKMARK [2][-]{subsection.4.4.2}{\376\377\036\242\000n\000h\000\040\000h\001\260\036\337\000n\000g\000\040\000c\036\347\000a\000\040\000e\000f\000C\000o\000n\000s\000t\000r\000u\000c\000t\000i\000o\000n}{section.4.4}% 44
\BOOKMARK [2][-]{subsection.4.4.3}{\376\377\036\242\000n\000h\000\040\000h\001\260\036\337\000n\000g\000\040\000c\036\347\000a\000\040\000e\000f\000S\000e\000a\000r\000c\000h}{section.4.4}% 45
\BOOKMARK [1][-]{section.4.5}{\376\377\000S\000o\000\040\000s\000\341\000n\000h\000\040\000v\036\333\000i\000\040\000c\000\341\000c\000\040\000p\000h\001\260\001\241\000n\000g\000\040\000p\000h\000\341\000p\000\040\000k\000h\000\341\000c}{chapter.4}% 46
\BOOKMARK [2][-]{subsection.4.5.1}{\376\377\000S\000o\000\040\000s\000\341\000n\000h\000\040\000v\036\333\000i\000\040\000L\000S\000H}{section.4.5}% 47
\BOOKMARK [2][-]{subsection.4.5.2}{\376\377\000S\000o\000\040\000s\000\341\000n\000h\000\040\000v\036\333\000i\000\040\000V\000P\000-\000T\000r\000e\000e}{section.4.5}% 48
\BOOKMARK [0][-]{chapter.5}{\376\377\000T\000r\036\361\000c\000\040\000q\000u\000a\000n\000\040\000h\000\363\000a}{}% 49
\BOOKMARK [1][-]{section.5.1}{\376\377\000B\000i\036\303\000u\000\040\001\021\036\323\000\040\000h\000i\036\307\000u\000\040\000s\000u\036\245\000t}{chapter.5}% 50
\BOOKMARK [2][-]{subsection.5.1.1}{\376\377\000S\000o\000\040\000s\000\341\000n\000h\000\040\001\021\036\331\000\040\000t\000r\036\305}{section.5.1}% 51
\BOOKMARK [2][-]{subsection.5.1.2}{\376\377\001\020\036\331\000\040\000c\000h\000\355\000n\000h\000\040\000x\000\341\000c\000\040\000R\000e\000c\000a\000l\000l\000@\000K}{section.5.1}% 52
\BOOKMARK [2][-]{subsection.5.1.3}{\376\377\036\242\000n\000h\000\040\000h\001\260\036\337\000n\000g\000\040\000c\036\347\000a\000\040\000t\000h\000a\000m\000\040\000s\036\321\000\040\000M}{section.5.1}% 53
\BOOKMARK [2][-]{subsection.5.1.4}{\376\377\000H\000e\000a\000t\000m\000a\000p\000\040\001\021\000i\036\301\000u\000\040\000c\000h\036\311\000n\000h\000\040\000t\000h\000a\000m\000\040\000s\036\321}{section.5.1}% 54
\BOOKMARK [1][-]{section.5.2}{\376\377\000C\036\245\000u\000\040\000t\000r\000\372\000c\000\040\001\021\036\323\000\040\000t\000h\036\313}{chapter.5}% 55
\BOOKMARK [2][-]{subsection.5.2.1}{\376\377\000V\000i\000s\000u\000a\000l\000i\000z\000a\000t\000i\000o\000n\000\040\000p\000h\000\342\000n\000\040\000t\036\247\000n\000g}{section.5.2}% 56
\BOOKMARK [2][-]{subsection.5.2.2}{\376\377\000T\000o\000p\000o\000l\000o\000g\000y\000\040\001\021\036\323\000\040\000t\000h\036\313}{section.5.2}% 57
\BOOKMARK [1][-]{section.5.3}{\376\377\000Q\000u\000\341\000\040\000t\000r\000\354\000n\000h\000\040\000t\000\354\000m\000\040\000k\000i\036\277\000m}{chapter.5}% 58
\BOOKMARK [2][-]{subsection.5.3.1}{\376\377\001\020\001\260\036\335\000n\000g\000\040\001\021\000i\000\040\000t\000\354\000m\000\040\000k\000i\036\277\000m}{section.5.3}% 59
\BOOKMARK [2][-]{subsection.5.3.2}{\376\377\000V\000i\000s\000u\000a\000l\000i\000z\000a\000t\000i\000o\000n\000\040\0003\000D}{section.5.3}% 60
\BOOKMARK [1][-]{section.5.4}{\376\377\000S\000o\000\040\000s\000\341\000n\000h\000\040\001\021\000a\000\040\000p\000h\001\260\001\241\000n\000g\000\040\000t\000h\036\351\000c}{chapter.5}% 61
\BOOKMARK [2][-]{subsection.5.4.1}{\376\377\000H\000i\036\307\000u\000\040\000s\000u\036\245\000t\000\040\000t\000h\000e\000o\000\040\000l\000o\036\241\000i\000\040\000d\036\357\000\040\000l\000i\036\307\000u}{section.5.4}% 62
\BOOKMARK [2][-]{subsection.5.4.2}{\376\377\036\242\000n\000h\000\040\000h\001\260\036\337\000n\000g\000\040\000c\036\347\000a\000\040\000s\036\321\000\040\000c\000h\000i\036\301\000u}{section.5.4}% 63
\BOOKMARK [0][-]{chapter.6}{\376\377\000P\000h\001\260\001\241\000n\000g\000\040\000p\000h\000\341\000p}{}% 64
\BOOKMARK [1][-]{section.6.1}{\376\377\000K\036\277\000t\000\040\000q\000u\036\243\000\040\000v\000\340\000\040\001\021\000\341\000n\000h\000\040\000g\000i\000\341}{chapter.6}% 65
\BOOKMARK [0][-]{chapter.7}{\376\377\000K\036\277\000t\000\040\000l\000u\036\255\000n}{}% 66
\BOOKMARK [1][-]{section.7.1}{\376\377\000T\000\355\000n\000h\000\040\000k\000h\036\243\000\040\000t\000h\000i\000\040\000c\000h\000o\000\040\036\351\000n\000g\000\040\000d\036\345\000n\000g\000\040\000t\000h\036\361\000c\000\040\000t\036\277}{chapter.7}% 67
\BOOKMARK [2][-]{subsection.7.1.1}{\376\377\001\257\000u\000\040\001\021\000i\036\303\000m}{section.7.1}% 68
\BOOKMARK [2][-]{subsection.7.1.2}{\376\377\036\350\000n\000g\000\040\000d\036\345\000n\000g\000\040\000t\000h\036\361\000c\000\040\000t\036\277}{section.7.1}% 69
\BOOKMARK [1][-]{section.7.2}{\376\377\000H\036\241\000n\000\040\000c\000h\036\277}{chapter.7}% 70
\BOOKMARK [2][-]{subsection.7.2.1}{\376\377\000H\036\241\000n\000\040\000c\000h\036\277\000\040\000v\036\301\000\040\000b\036\331\000\040\000n\000h\036\333}{section.7.2}% 71
\BOOKMARK [2][-]{subsection.7.2.2}{\376\377\001\020\036\331\000\040\000n\000h\036\241\000y\000\040\000v\036\333\000i\000\040\000t\000h\000a\000m\000\040\000s\036\321}{section.7.2}% 72
\BOOKMARK [2][-]{subsection.7.2.3}{\376\377\000T\000h\036\335\000i\000\040\000g\000i\000a\000n\000\040\000x\000\342\000y\000\040\000d\036\361\000n\000g\000\040\000c\000h\036\311\000\040\000m\036\345\000c}{section.7.2}% 73
\BOOKMARK [2][-]{subsection.7.2.4}{\376\377\000H\036\241\000n\000\040\000c\000h\036\277\000\040\000v\036\301\000\040\000c\036\255\000p\000\040\000n\000h\036\255\000t\000\040\001\021\036\331\000n\000g}{section.7.2}% 74
\BOOKMARK [1][-]{section.7.3}{\376\377\000K\000h\000u\000y\036\277\000n\000\040\000n\000g\000h\036\313\000\040\000c\000h\000o\000\040\000t\001\260\001\241\000n\000g\000\040\000l\000a\000i}{chapter.7}% 75
\BOOKMARK [2][-]{subsection.7.3.1}{\376\377\000T\036\321\000i\000\040\001\260\000u\000\040\000h\000\363\000a\000\040\000h\000i\036\307\000u\000\040\000s\000u\036\245\000t}{section.7.3}% 76
\BOOKMARK [2][-]{subsection.7.3.2}{\376\377\000M\036\337\000\040\000r\036\331\000n\000g\000\040\000q\000u\000y\000\040\000m\000\364}{section.7.3}% 77
\BOOKMARK [2][-]{subsection.7.3.3}{\376\377\000C\036\243\000i\000\040\000t\000h\000i\036\307\000n\000\040\001\021\036\331\000\040\000c\000h\000\355\000n\000h\000\040\000x\000\341\000c}{section.7.3}% 78
\BOOKMARK [2][-]{subsection.7.3.4}{\376\377\000C\036\255\000p\000\040\000n\000h\036\255\000t\000\040\001\021\036\331\000n\000g}{section.7.3}% 79
\BOOKMARK [2][-]{subsection.7.3.5}{\376\377\036\350\000n\000g\000\040\000d\036\345\000n\000g\000\040\000m\036\337\000\040\000r\036\331\000n\000g}{section.7.3}% 80
\BOOKMARK [1][-]{section.7.4}{\376\377\000T\036\325\000n\000g\000\040\000k\036\277\000t}{chapter.7}% 81
